<?xml version="1.0" encoding="UTF-8"?>
<testng-results ignored="0" total="1" passed="1" failed="0" skipped="0">
  <reporter-output>
  </reporter-output>
  <suite started-at="2024-12-28T16:15:31 IST" name="Default suite" finished-at="2024-12-28T16:15:31 IST" duration-ms="100">
    <groups>
    </groups>
    <test started-at="2024-12-28T16:15:31 IST" name="Default test" finished-at="2024-12-28T16:15:31 IST" duration-ms="100">
      <class name="StreamsTutorial.test1">
        <test-method signature="streamCollect()[pri:0, instance:StreamsTutorial.test1@4b45a2f5]" started-at="2024-12-28T16:15:31 IST" name="streamCollect" finished-at="2024-12-28T16:15:31 IST" duration-ms="17" status="PASS">
          <reporter-output>
          </reporter-output>
        </test-method> <!-- streamCollect -->
      </class> <!-- StreamsTutorial.test1 -->
    </test> <!-- Default test -->
  </suite> <!-- Default suite -->
</testng-results>
